<?xml version="1.0" encoding="UTF-8"?>
<!-- Generated by org.testng.reporters.JUnitReportReporter -->
<testsuite hostname="INHMT1E-DL1092" failures="0" tests="2" name="com.cyient.test.LoginTest" time="19.729" errors="0" timestamp="2021-06-08T12:56:31 IST" skipped="0">
  <testcase classname="com.cyient.test.LoginTest" name="invalidCredentialTest" time="10.042"/>
  <system-out/>
  <testcase classname="com.cyient.test.LoginTest" name="invalidCredentialTest" time="9.687"/>
  <system-out/>
</testsuite> <!-- com.cyient.test.LoginTest -->
