<?xml version="1.0" encoding="UTF-8"?>
<!-- Generated by org.testng.reporters.JUnitReportReporter -->
<testsuite hostname="INHMT1E-DL1092" failures="0" tests="3" name="com.cyient.test.DemoTest" time="0.006" errors="0" timestamp="2021-06-08T10:39:19 IST" skipped="0">
  <testcase classname="com.cyient.test.DemoTest" name="validTest" time="0.004"/>
  <system-out/>
  <testcase classname="com.cyient.test.DemoTest" name="validTest" time="0.001"/>
  <system-out/>
  <testcase classname="com.cyient.test.DemoTest" name="validTest" time="0.001"/>
  <system-out/>
</testsuite> <!-- com.cyient.test.DemoTest -->
